<?xml version="1.0" encoding="UTF-8"?>
<!-- Generated by org.testng.reporters.JUnitReportReporter -->
<testsuite hostname="DESKTOP-8PEEJOG" failures="0" tests="2" name="AutomationExercise.TestCase_9" time="42.787" errors="0" timestamp="2025-03-21T08:34:00 IST" skipped="0">
  <testcase classname="AutomationExercise.TestCase_9" name="homePageTitleVerification" time="3.396"/>
  <system-out/>
  <testcase classname="AutomationExercise.TestCase_9" name="searchProduct" time="39.391"/>
  <system-out/>
</testsuite> <!-- AutomationExercise.TestCase_9 -->
