<?xml version="1.0" encoding="UTF-8"?>
<!-- Generated by org.testng.reporters.JUnitReportReporter -->
<testsuite hostname="DESKTOP-8PEEJOG" failures="0" tests="3" name="AutomationExercise.TestCase_2" time="7.683" errors="0" timestamp="2025-03-19T10:09:00 IST" skipped="0">
  <testcase classname="AutomationExercise.TestCase_2" name="homePageTitleVerification" time="0.040"/>
  <system-out/>
  <testcase classname="AutomationExercise.TestCase_2" name="SignUpTextVisible" time="1.649"/>
  <system-out/>
  <testcase classname="AutomationExercise.TestCase_2" name="Login" time="5.994"/>
  <system-out/>
</testsuite> <!-- AutomationExercise.TestCase_2 -->
