<?xml version="1.0" encoding="UTF-8"?>
<!-- Generated by org.testng.reporters.JUnitReportReporter -->
<testsuite hostname="DESKTOP-8PEEJOG" failures="0" tests="2" name="AutomationExercise.TestCase_6" time="14.727" errors="0" timestamp="2025-03-20T09:27:40 IST" skipped="0">
  <testcase classname="AutomationExercise.TestCase_6" name="homePageTitleVerification" time="0.071"/>
  <system-out/>
  <testcase classname="AutomationExercise.TestCase_6" name="contactForm" time="14.656"/>
  <system-out/>
</testsuite> <!-- AutomationExercise.TestCase_6 -->
