<?xml version="1.0" encoding="UTF-8"?>
<!-- Generated by org.testng.reporters.JUnitReportReporter -->
<testsuite hostname="DESKTOP-8PEEJOG" failures="0" tests="2" name="Day43.annotationDemo2" time="0.034" errors="0" timestamp="2025-03-31T09:02:22 IST" skipped="0">
  <testcase classname="Day43.annotationDemo2" name="Search" time="0.020"/>
  <system-out/>
  <testcase classname="Day43.annotationDemo2" name="AdvSearch" time="0.014"/>
  <system-out/>
</testsuite> <!-- Day43.annotationDemo2 -->
