<?xml version="1.0" encoding="UTF-8"?>
<!-- Generated by org.testng.reporters.JUnitReportReporter -->
<testsuite hostname="DESKTOP-8PEEJOG" failures="0" tests="3" name="TestNGDay1.FirstTestCase" time="0.044" errors="0" timestamp="2025-03-17T20:39:56 IST" skipped="0">
  <testcase classname="TestNGDay1.FirstTestCase" name="LogoutAnApp" time="0.032"/>
  <system-out/>
  <testcase classname="TestNGDay1.FirstTestCase" name="OpenanApp" time="0.002"/>
  <system-out/>
  <testcase classname="TestNGDay1.FirstTestCase" name="LoginToApp" time="0.010"/>
  <system-out/>
</testsuite> <!-- TestNGDay1.FirstTestCase -->
