<?xml version="1.0" encoding="UTF-8"?>
<!-- Generated by org.testng.reporters.JUnitReportReporter -->
<testsuite hostname="DESKTOP-8PEEJOG" failures="0" tests="4" name="TestNGDay1.OrangeHRMTest" time="105.705" errors="0" timestamp="2025-03-18T08:07:43 IST" skipped="0">
  <testcase classname="TestNGDay1.OrangeHRMTest" name="OpenApp" time="66.711"/>
  <system-out/>
  <testcase classname="TestNGDay1.OrangeHRMTest" name="TestLogoPresence" time="7.375"/>
  <system-out/>
  <testcase classname="TestNGDay1.OrangeHRMTest" name="LoginApp" time="14.402"/>
  <system-out/>
  <testcase classname="TestNGDay1.OrangeHRMTest" name="CloseApp" time="17.217"/>
  <system-out/>
</testsuite> <!-- TestNGDay1.OrangeHRMTest -->
