<?xml version="1.0" encoding="UTF-8"?>
<!-- Generated by org.testng.reporters.JUnitReportReporter -->
<testsuite hostname="DESKTOP-8PEEJOG" failures="0" tests="2" name="AutomationExercise.TestCase_12" time="42.824" errors="0" timestamp="2025-03-21T11:06:42 IST" skipped="0">
  <testcase classname="AutomationExercise.TestCase_12" name="homePageTitleVerification" time="0.235"/>
  <system-out/>
  <testcase classname="AutomationExercise.TestCase_12" name="addProduct" time="42.589"/>
  <system-out/>
</testsuite> <!-- AutomationExercise.TestCase_12 -->
