<?xml version="1.0" encoding="UTF-8"?>
<!-- Generated by org.testng.reporters.JUnitReportReporter -->
<testsuite hostname="DESKTOP-8PEEJOG" failures="0" tests="2" name="Day43.annotationDemo1" time="0.050" errors="0" timestamp="2025-03-31T08:56:35 IST" skipped="0">
  <testcase classname="Day43.annotationDemo1" name="Search" time="0.045"/>
  <system-out/>
  <testcase classname="Day43.annotationDemo1" name="AdvSearch" time="0.005"/>
  <system-out/>
</testsuite> <!-- Day43.annotationDemo1 -->
