<?xml version="1.0" encoding="UTF-8"?>
<!-- Generated by org.testng.reporters.JUnitReportReporter -->
<testsuite hostname="DESKTOP-8PEEJOG" failures="0" tests="2" name="AutomationExercise.TestCase_8" time="17.199" errors="0" timestamp="2025-03-20T14:48:34 IST" skipped="0">
  <testcase classname="AutomationExercise.TestCase_8" name="homePageTitleVerification" time="0.084"/>
  <system-out/>
  <testcase classname="AutomationExercise.TestCase_8" name="VerifyAllProducts" time="17.115"/>
  <system-out/>
</testsuite> <!-- AutomationExercise.TestCase_8 -->
