<?xml version="1.0" encoding="UTF-8"?>
<!-- Generated by org.testng.reporters.JUnitReportReporter -->
<testsuite hostname="DESKTOP-8PEEJOG" failures="0" tests="1" name="testCases.TC002_LoginTest" time="8.668" errors="0" timestamp="2025-04-11T11:07:09 IST" skipped="0">
  <testcase classname="testCases.TC002_LoginTest" name="VerifLogin" time="8.668"/>
</testsuite> <!-- testCases.TC002_LoginTest -->
